D:\LIYEWEN_SUPPLEMENT - 副本\IMAGE_COMPRESS_FPGA_1021\X64\RELEASE\MOC_FRMMESSAGEBOX.OBJ
D:\LIYEWEN_SUPPLEMENT - 副本\IMAGE_COMPRESS_FPGA_1021\X64\RELEASE\MOC_FRMMAIN.OBJ
D:\LIYEWEN_SUPPLEMENT - 副本\IMAGE_COMPRESS_FPGA_1021\X64\RELEASE\MAIN.OBJ
D:\LIYEWEN_SUPPLEMENT - 副本\IMAGE_COMPRESS_FPGA_1021\X64\RELEASE\ICONHELPER.OBJ
D:\LIYEWEN_SUPPLEMENT - 副本\IMAGE_COMPRESS_FPGA_1021\X64\RELEASE\GZIP_TOOLS.OBJ
D:\LIYEWEN_SUPPLEMENT - 副本\IMAGE_COMPRESS_FPGA_1021\X64\RELEASE\FRMMESSAGEBOX.OBJ
D:\LIYEWEN_SUPPLEMENT - 副本\IMAGE_COMPRESS_FPGA_1021\X64\RELEASE\FRMMAIN.OBJ
D:\LIYEWEN_SUPPLEMENT - 副本\IMAGE_COMPRESS_FPGA_1021\X64\RELEASE\OPTIONS.OBJ
D:\LIYEWEN_SUPPLEMENT - 副本\IMAGE_COMPRESS_FPGA_1021\X64\RELEASE\OPENCL.OBJ
D:\LIYEWEN_SUPPLEMENT - 副本\IMAGE_COMPRESS_FPGA_1021\TEMP\MOC\MOC_FRMMAIN.CPP
D:\LIYEWEN_SUPPLEMENT - 副本\IMAGE_COMPRESS_FPGA_1021\TEMP\MOC\MOC_FRMMESSAGEBOX.CPP
D:\LIYEWEN_SUPPLEMENT - 副本\IMAGE_COMPRESS_FPGA_1021\GENERATEDFILES\UI_FRMMAIN.H
D:\LIYEWEN_SUPPLEMENT - 副本\IMAGE_COMPRESS_FPGA_1021\GENERATEDFILES\UI_FRMMESSAGEBOX.H
D:\LIYEWEN_SUPPLEMENT - 副本\IMAGE_COMPRESS_FPGA_1021\GENERATEDFILES\QRC_RC.CPP
D:\LIYEWEN_SUPPLEMENT - 副本\IMAGE_COMPRESS_FPGA_1021\BIN\QUI.EXE
D:\LIYEWEN_SUPPLEMENT - 副本\IMAGE_COMPRESS_FPGA_1021\X64\RELEASE\MAIN.RES
D:\liyewen_supplement - 副本\image_compress_fpga_1021\x64\Release\frmmain.obj
D:\liyewen_supplement - 副本\image_compress_fpga_1021\x64\Release\frmmessagebox.obj
D:\liyewen_supplement - 副本\image_compress_fpga_1021\x64\Release\gzip_tools.obj
D:\liyewen_supplement - 副本\image_compress_fpga_1021\x64\Release\iconhelper.obj
D:\liyewen_supplement - 副本\image_compress_fpga_1021\x64\Release\main.obj
D:\liyewen_supplement - 副本\image_compress_fpga_1021\x64\Release\moc_frmmain.obj
D:\liyewen_supplement - 副本\image_compress_fpga_1021\x64\Release\moc_frmmessagebox.obj
D:\liyewen_supplement - 副本\image_compress_fpga_1021\x64\Release\opencl.obj
D:\liyewen_supplement - 副本\image_compress_fpga_1021\x64\Release\options.obj
D:\liyewen_supplement - 副本\image_compress_fpga_1021\x64\Release\qrc_rc.obj
D:\liyewen_supplement - 副本\image_compress_fpga_1021\x64\Release\cl.command.1.tlog
D:\liyewen_supplement - 副本\image_compress_fpga_1021\x64\Release\CL.read.1.tlog
D:\liyewen_supplement - 副本\image_compress_fpga_1021\x64\Release\CL.write.1.tlog
D:\liyewen_supplement - 副本\image_compress_fpga_1021\x64\Release\custombuild.command.1.tlog
D:\liyewen_supplement - 副本\image_compress_fpga_1021\x64\Release\custombuild.read.1.tlog
D:\liyewen_supplement - 副本\image_compress_fpga_1021\x64\Release\custombuild.write.1.tlog
D:\liyewen_supplement - 副本\image_compress_fpga_1021\x64\Release\link-cvtres.read.1.tlog
D:\liyewen_supplement - 副本\image_compress_fpga_1021\x64\Release\link-cvtres.write.1.tlog
D:\liyewen_supplement - 副本\image_compress_fpga_1021\x64\Release\link-rc.read.1.tlog
D:\liyewen_supplement - 副本\image_compress_fpga_1021\x64\Release\link-rc.write.1.tlog
D:\liyewen_supplement - 副本\image_compress_fpga_1021\x64\Release\link.command.1.tlog
D:\liyewen_supplement - 副本\image_compress_fpga_1021\x64\Release\link.read.1.tlog
D:\liyewen_supplement - 副本\image_compress_fpga_1021\x64\Release\link.write.1.tlog
D:\liyewen_supplement - 副本\image_compress_fpga_1021\x64\Release\rc.command.1.tlog
D:\liyewen_supplement - 副本\image_compress_fpga_1021\x64\Release\rc.read.1.tlog
D:\liyewen_supplement - 副本\image_compress_fpga_1021\x64\Release\rc.write.1.tlog
D:\liyewen_supplement - 副本\image_compress_fpga_1021\x64\Release\main.res
D:\liyewen_supplement - 副本\image_compress_fpga_1021\bin\QUI.exe
